28-03-2023 21:56:46 - Using chromedriver 111.0.5563.64 (resolved driver for Chrome 111)
28-03-2023 21:56:46 - Exporting webdriver.chrome.driver as /Users/ibrahimucar/.cache/selenium/chromedriver/mac-arm64/111.0.5563.64/chromedriver
28-03-2023 21:56:47 - Test is Starting...
28-03-2023 21:56:53 - User should be able to complete hire now step successfully
28-03-2023 21:56:53 - Test is Ending...
15-04-2023 19:05:52 - Using chromedriver 112.0.5615.49 (resolved driver for Chrome 112)
15-04-2023 19:05:52 - Reading https://chromedriver.storage.googleapis.com/ to seek chromedriver
15-04-2023 19:05:52 - Downloading https://chromedriver.storage.googleapis.com/112.0.5615.49/chromedriver_mac_arm64.zip
15-04-2023 19:05:53 - Extracting driver from compressed file chromedriver_mac_arm64.zip
15-04-2023 19:05:53 - Exporting webdriver.chrome.driver as /Users/ibrahimucar/.cache/selenium/chromedriver/mac-arm64/112.0.5615.49/chromedriver
15-04-2023 19:05:55 - Test is Starting...
15-04-2023 19:06:13 - Test is Ending...
15-04-2023 19:09:31 - Using chromedriver 112.0.5615.49 (resolved driver for Chrome 112)
15-04-2023 19:09:31 - Exporting webdriver.chrome.driver as /Users/ibrahimucar/.cache/selenium/chromedriver/mac-arm64/112.0.5615.49/chromedriver
15-04-2023 19:09:32 - Test is Starting...
15-04-2023 19:09:45 - User should be able to complete hire now step successfully
15-04-2023 19:09:45 - Test is Ending...
15-04-2023 19:29:33 - Using chromedriver 112.0.5615.49 (resolved driver for Chrome 112)
15-04-2023 19:29:33 - Exporting webdriver.chrome.driver as /Users/ibrahimucar/.cache/selenium/chromedriver/mac-arm64/112.0.5615.49/chromedriver
15-04-2023 19:29:36 - Test is Starting...
15-04-2023 19:30:00 - Test is Ending...
15-04-2023 19:40:31 - Using chromedriver 112.0.5615.49 (resolved driver for Chrome 112)
15-04-2023 19:40:31 - Exporting webdriver.chrome.driver as /Users/ibrahimucar/.cache/selenium/chromedriver/mac-arm64/112.0.5615.49/chromedriver
15-04-2023 19:40:32 - Test is Starting...
15-04-2023 19:40:49 - Test is Ending...
15-04-2023 19:42:02 - Using chromedriver 112.0.5615.49 (resolved driver for Chrome 112)
15-04-2023 19:42:02 - Exporting webdriver.chrome.driver as /Users/ibrahimucar/.cache/selenium/chromedriver/mac-arm64/112.0.5615.49/chromedriver
15-04-2023 19:42:03 - Test is Starting...
15-04-2023 19:42:15 - User should be able to complete hire now step successfully
15-04-2023 19:42:15 - Test is Ending...
15-04-2023 19:44:28 - Using chromedriver 112.0.5615.49 (resolved driver for Chrome 112)
15-04-2023 19:44:28 - Exporting webdriver.chrome.driver as /Users/ibrahimucar/.cache/selenium/chromedriver/mac-arm64/112.0.5615.49/chromedriver
15-04-2023 19:44:29 - Test is Starting...
15-04-2023 19:44:41 - User should be able to complete hire now step successfully
15-04-2023 19:44:41 - Test is Ending...
15-04-2023 19:45:41 - Using chromedriver 112.0.5615.49 (resolved driver for Chrome 112)
15-04-2023 19:45:41 - Exporting webdriver.chrome.driver as /Users/ibrahimucar/.cache/selenium/chromedriver/mac-arm64/112.0.5615.49/chromedriver
15-04-2023 19:45:42 - Test is Starting...
15-04-2023 19:45:57 - User should be able to complete hire now step successfully
15-04-2023 19:45:57 - Test is Ending...
15-04-2023 19:47:07 - Using chromedriver 112.0.5615.49 (resolved driver for Chrome 112)
15-04-2023 19:47:07 - Exporting webdriver.chrome.driver as /Users/ibrahimucar/.cache/selenium/chromedriver/mac-arm64/112.0.5615.49/chromedriver
15-04-2023 19:47:08 - Test is Starting...
15-04-2023 19:47:14 - User should be able to complete hire now step successfully
15-04-2023 19:47:14 - Test is Ending...
15-04-2023 19:48:00 - Using chromedriver 112.0.5615.49 (resolved driver for Chrome 112)
15-04-2023 19:48:00 - Exporting webdriver.chrome.driver as /Users/ibrahimucar/.cache/selenium/chromedriver/mac-arm64/112.0.5615.49/chromedriver
15-04-2023 19:48:01 - Test is Starting...
15-04-2023 19:48:07 - User should be able to complete hire now step successfully
15-04-2023 19:48:07 - Test is Ending...
15-04-2023 19:51:46 - Using chromedriver 112.0.5615.49 (resolved driver for Chrome 112)
15-04-2023 19:51:46 - Exporting webdriver.chrome.driver as /Users/ibrahimucar/.cache/selenium/chromedriver/mac-arm64/112.0.5615.49/chromedriver
15-04-2023 19:51:46 - Using chromedriver 112.0.5615.49 (resolved driver for Chrome 112)
15-04-2023 19:51:46 - Exporting webdriver.chrome.driver as /Users/ibrahimucar/.cache/selenium/chromedriver/mac-arm64/112.0.5615.49/chromedriver
15-04-2023 19:54:10 - Using chromedriver 112.0.5615.49 (resolved driver for Chrome 112)
15-04-2023 19:54:10 - Exporting webdriver.chrome.driver as /Users/ibrahimucar/.cache/selenium/chromedriver/mac-arm64/112.0.5615.49/chromedriver
15-04-2023 19:54:10 - Using chromedriver 112.0.5615.49 (resolved driver for Chrome 112)
15-04-2023 19:54:10 - Exporting webdriver.chrome.driver as /Users/ibrahimucar/.cache/selenium/chromedriver/mac-arm64/112.0.5615.49/chromedriver
15-04-2023 19:54:44 - Using chromedriver 112.0.5615.49 (resolved driver for Chrome 112)
15-04-2023 19:54:44 - Exporting webdriver.chrome.driver as /Users/ibrahimucar/.cache/selenium/chromedriver/mac-arm64/112.0.5615.49/chromedriver
15-04-2023 19:54:44 - Using chromedriver 112.0.5615.49 (resolved driver for Chrome 112)
15-04-2023 19:54:44 - Exporting webdriver.chrome.driver as /Users/ibrahimucar/.cache/selenium/chromedriver/mac-arm64/112.0.5615.49/chromedriver
15-04-2023 19:55:40 - Using chromedriver 112.0.5615.49 (resolved driver for Chrome 112)
15-04-2023 19:55:40 - Exporting webdriver.chrome.driver as /Users/ibrahimucar/.cache/selenium/chromedriver/mac-arm64/112.0.5615.49/chromedriver
15-04-2023 19:55:40 - Using chromedriver 112.0.5615.49 (resolved driver for Chrome 112)
15-04-2023 19:55:40 - Exporting webdriver.chrome.driver as /Users/ibrahimucar/.cache/selenium/chromedriver/mac-arm64/112.0.5615.49/chromedriver
15-04-2023 21:11:03 - Using chromedriver 112.0.5615.49 (resolved driver for Chrome 112)
15-04-2023 21:11:03 - Exporting webdriver.chrome.driver as /Users/ibrahimucar/.cache/selenium/chromedriver/mac-arm64/112.0.5615.49/chromedriver
15-04-2023 21:11:04 - Test is Starting...
15-04-2023 21:11:11 - User should be able to complete hire now step successfully
15-04-2023 21:11:11 - Test is Ending...
15-04-2023 22:20:15 - Using chromedriver 112.0.5615.49 (resolved driver for Chrome 112)
15-04-2023 22:20:15 - Exporting webdriver.chrome.driver as /Users/ibrahimucar/.cache/selenium/chromedriver/mac-arm64/112.0.5615.49/chromedriver
15-04-2023 22:20:17 - Test is Starting...
15-04-2023 22:20:27 - Test is Ending...
15-04-2023 22:20:45 - Using chromedriver 112.0.5615.49 (resolved driver for Chrome 112)
15-04-2023 22:20:45 - Exporting webdriver.chrome.driver as /Users/ibrahimucar/.cache/selenium/chromedriver/mac-arm64/112.0.5615.49/chromedriver
15-04-2023 22:20:46 - Test is Starting...
15-04-2023 22:20:53 - Test is Ending...
15-04-2023 22:21:29 - Using chromedriver 112.0.5615.49 (resolved driver for Chrome 112)
15-04-2023 22:21:29 - Exporting webdriver.chrome.driver as /Users/ibrahimucar/.cache/selenium/chromedriver/mac-arm64/112.0.5615.49/chromedriver
15-04-2023 22:21:31 - Test is Starting...
15-04-2023 22:21:43 - User should be able to complete hire now step successfully
15-04-2023 22:21:43 - Test is Ending...
15-04-2023 22:21:51 - Using chromedriver 112.0.5615.49 (resolved driver for Chrome 112)
15-04-2023 22:21:51 - Exporting webdriver.chrome.driver as /Users/ibrahimucar/.cache/selenium/chromedriver/mac-arm64/112.0.5615.49/chromedriver
15-04-2023 22:21:53 - Test is Starting...
15-04-2023 22:22:30 - Using chromedriver 112.0.5615.49 (resolved driver for Chrome 112)
15-04-2023 22:22:30 - Exporting webdriver.chrome.driver as /Users/ibrahimucar/.cache/selenium/chromedriver/mac-arm64/112.0.5615.49/chromedriver
15-04-2023 22:22:32 - Test is Starting...
15-04-2023 22:22:41 - User should be able to complete hire now step successfully
15-04-2023 22:22:41 - Test is Ending...
15-04-2023 22:22:59 - No test suite found. Nothing to run
15-04-2023 22:22:59 - Support to run JUnit tests using TestNG stands deprecated and will be removed in future versions. You can now use the JUnit5 TestNG engine to run both JUnit and TestNG tests. For more information refer to https://github.com/junit-team/testng-engine .
15-04-2023 22:23:00 - Using chromedriver 112.0.5615.49 (resolved driver for Chrome 112)
15-04-2023 22:23:00 - Exporting webdriver.chrome.driver as /Users/ibrahimucar/.cache/selenium/chromedriver/mac-arm64/112.0.5615.49/chromedriver
15-04-2023 22:23:01 - Test is Starting...
15-04-2023 22:23:11 - User should be able to complete hire now step successfully
15-04-2023 22:23:11 - Test is Ending...
